2024-10-04 10:43:52 - -----------------------------------------------------------------------------
2024-10-04 10:43:52 - Opening Project '21 PV_Bat_TargetEDR\W21R05.ribd25'...
2024-10-04 10:43:52 -    Model load successful into CBECC-Res 2025.0.9 RV (1355)
2024-10-04 10:43:52 - Performing Building Database check...
2024-10-04 10:43:52 - Building Database check completed, no problems found.
2024-10-04 10:43:52 - Removing user setting toggling off self utilization credit
2024-10-04 10:45:22 - Project Saved
2024-10-04 11:16:32 - -----------------------------------------------------------------------------
2024-10-04 11:16:32 - Opening Project '21 PV_Bat_TargetEDR\W21R05.ribd25'...
2024-10-04 11:16:32 -    Model load successful into CBECC-Res 2025.0.9 RV (1355)
2024-10-04 11:16:32 - Performing Building Database check...
2024-10-04 11:16:32 - Building Database check completed, no problems found.
2024-10-10 10:08:06 - -----------------------------------------------------------------------------
2024-10-10 10:08:06 - Opening Project '21 PV_Bat_TargetEDR\W21R05.ribd25'...
2024-10-10 10:08:06 -    Model load successful into CBECC-Res 2025.0.9 RV (1355)
2024-10-10 10:08:06 - Performing Building Database check...
2024-10-10 10:08:06 - Building Database check completed, no problems found.
2024-10-23 20:29:10 - -----------------------------------------------------------------------------
2024-10-23 20:29:10 - Opening Project '21 PV_Bat_TargetEDR\W21R05.ribd25'...
2024-10-23 20:29:10 -    Model load successful into CBECC-Res 2025.0.9 RV (1355)
2024-10-23 20:29:10 - Performing Building Database check...
2024-10-23 20:29:10 - Building Database check completed, no problems found.
2024-10-23 20:29:32 - Project Saved
