2024-10-02 16:43:33 - -----------------------------------------------------------------------------
2024-10-02 16:43:33 - Opening Project '11 Source Energy and Baseline\W11R02.ribd25'...
2024-10-02 16:43:33 -    Model load successful into CBECC-Res 2025.0.9 RV (1355)
2024-10-02 16:43:33 - Performing Building Database check...
2024-10-02 16:43:33 - Building Database check completed, no problems found.
2024-10-02 16:43:33 - Removing user setting toggling off self utilization credit
2024-10-02 16:54:48 - Project Saved
2024-10-02 16:58:08 - -----------------------------------------------------------------------------
2024-10-02 16:58:08 - Opening Project '11 Source Energy and Baseline\W11R02.ribd25'...
2024-10-02 16:58:08 -    ERROR - reading file: component Proj '2025 Prototype' includes unrecognized property 'DefaultReducedPVReq' on line # 50
2024-10-02 16:58:08 -    ERROR - reading file: component Proj '2025 Prototype' includes unrecognized property 'IncludePeakCooling' on line # 65
2024-10-02 16:58:08 -    ERROR - reading file: component HVACHtPump 'HeatpumpSystem' includes unrecognized property 'Speeds' on line # 1321
2024-10-02 16:58:08 -    ERROR - reading file: component HVACDist 'AirDistributionSystem' includes unrecognized property 'exDuctLeakageVal' on line # 1348
2024-10-02 16:58:08 -    Model load successful into CBECC-Res 2025.0.4 RV (1303)
2024-10-02 16:58:08 - 4 error(s) encountered reading project file:  R:\30129Wilcox\TDS Basecase\2025\Template\11 Source Energy and Baseline\W11R02.ribd25
2024-10-02 16:58:12 - Performing Building Database check...
2024-10-02 16:58:12 - Building Database check completed, no problems found.
2024-10-02 16:58:24 - -----------------------------------------------------------------------------
2024-10-02 16:58:24 - Opening Project '11 Source Energy and Baseline\W11R02.ribd25'...
2024-10-02 16:58:24 -    Model load successful into CBECC-Res 2025.0.9 RV (1355)
2024-10-02 16:58:24 - Performing Building Database check...
2024-10-02 16:58:24 - Building Database check completed, no problems found.
2024-10-02 16:59:49 - Project Saved
