2024-10-01 15:42:45 - -----------------------------------------------------------------------------
2024-10-01 15:42:45 - Opening Project '08 Water Heating\W08R11.ribd25'...
2024-10-01 15:42:45 -    Model load successful into CBECC-Res 2025.0.9 RV (1355)
2024-10-01 15:42:45 - Performing Building Database check...
2024-10-01 15:42:45 - Building Database check completed, no problems found.
2024-10-01 15:42:45 - Removing user setting toggling off self utilization credit
2024-10-01 15:47:56 - Project Saved
2024-10-01 15:50:39 - -----------------------------------------------------------------------------
2024-10-01 15:50:39 - Opening Project '08 Water Heating\W08R11.ribd25'...
2024-10-01 15:50:39 -    Model load successful into CBECC-Res 2025.0.9 RV (1355)
2024-10-01 15:50:39 - Performing Building Database check...
2024-10-01 15:50:39 - Building Database check completed, no problems found.
2024-10-02 14:37:51 - -----------------------------------------------------------------------------
2024-10-02 14:37:51 - Opening Project '08 Water Heating\W08R11.ribd25'...
2024-10-02 14:37:51 -    Model load successful into CBECC-Res 2025.0.9 RV (1355)
2024-10-02 14:37:51 - Performing Building Database check...
2024-10-02 14:37:51 - Building Database check completed, no problems found.
2024-10-02 15:20:42 - -----------------------------------------------------------------------------
2024-10-02 15:20:42 - Opening Project '08 Water Heating\W08R11.ribd25'...
2024-10-02 15:20:42 -    Model load successful into CBECC-Res 2025.0.9 RV (1355)
2024-10-02 15:20:42 - Performing Building Database check...
2024-10-02 15:20:42 - Building Database check completed, no problems found.
2024-10-02 15:22:07 - Project Saved
2024-10-02 15:22:40 - -----------------------------------------------------------------------------
2024-10-02 15:22:40 - Opening Project '08 Water Heating\W08R11.ribd25'...
2024-10-02 15:22:40 -    Model load successful into CBECC-Res 2025.0.9 RV (1355)
2024-10-02 15:22:40 - Performing Building Database check...
2024-10-02 15:22:40 - Building Database check completed, no problems found.
2024-10-02 15:24:24 - Error:  Undefined data: left side of '-' - evaluating run u, rule: Rule 1232, 15, 'Rules_VCHP3.rule' Line 122: Set HVACHtPump:Cap40rtd
2024-10-02 15:24:24 - Error:  Undefined data: right side of '-' - evaluating run u, rule: Rule 1232, 16, 'Rules_VCHP3.rule' Line 123: Set HVACHtPump:Cap05
2024-10-02 15:24:24 - Error:  Undefined data: left side of '-' - evaluating run u, rule: Rule 1232, 17, 'Rules_VCHP3.rule' Line 124: Set HVACHtPump:Capm30rtd
2024-10-02 15:24:24 - Error:  Undefined data: numerator - evaluating run u, rule: Rule 1232, 18, 'Rules_VCHP3.rule' Line 126: Set HVACHtPump:Cap82rtd
2024-10-02 15:24:24 - Error:  Undefined data: left side of '-' - evaluating run u, rule: Rule 1232, 19, 'Rules_VCHP3.rule' Line 127: Set HVACHtPump:Cap60rtd
2024-10-02 15:24:24 - Error:  Undefined data: left side of '-' - evaluating run u, rule: Rule 1232, 20, 'Rules_VCHP3.rule' Line 128: Set HVACHtPump:Cap125rtd
2024-10-02 15:24:24 - Error:  Undefined data: numerator - evaluating run u, rule: Rule 1232, 21, 'Rules_VCHP3.rule' Line 131: Set HVACHtPump:NetPwr47rtd
2024-10-02 15:24:24 - Error:  Undefined data: numerator - evaluating run u, rule: Rule 1232, 26, 'Rules_VCHP3.rule' Line 137: Set HVACHtPump:NetPwr95rtd
2024-10-02 15:27:21 - Project Saved
2024-10-02 15:28:23 - Project Saved
2024-10-03 10:24:22 - -----------------------------------------------------------------------------
2024-10-03 10:24:22 - Opening Project '08 Water Heating\W08R11.ribd25'...
2024-10-03 10:24:22 -    Model load successful into CBECC-Res 2025.0.9 RV (1355)
2024-10-03 10:24:22 - Performing Building Database check...
2024-10-03 10:24:22 - Building Database check completed, no problems found.
2024-10-03 10:25:28 - -----------------------------------------------------------------------------
2024-10-03 10:25:28 - Opening Project '08 Water Heating\W08R11.ribd25'...
2024-10-03 10:25:28 -    Model load successful into CBECC-Res 2025.0.9 RV (1355)
2024-10-03 10:25:28 - Performing Building Database check...
2024-10-03 10:25:28 - Building Database check completed, no problems found.
2024-10-03 10:26:00 - -----------------------------------------------------------------------------
2024-10-03 10:26:00 - Opening Project '08 Water Heating\W08R11.ribd25'...
2024-10-03 10:26:00 -    Model load successful into CBECC-Res 2025.0.9 RV (1355)
2024-10-03 10:26:01 - Performing Building Database check...
2024-10-03 10:26:01 - Building Database check completed, no problems found.
2024-10-03 10:28:29 - -----------------------------------------------------------------------------
2024-10-03 10:28:29 - Opening Project '08 Water Heating\W08R11.ribd25'...
2024-10-03 10:28:29 -    Model load successful into CBECC-Res 2025.0.9 RV (1355)
2024-10-03 10:28:30 - Performing Building Database check...
2024-10-03 10:28:30 - Building Database check completed, no problems found.
2024-10-03 10:29:18 - -----------------------------------------------------------------------------
2024-10-03 10:29:18 - Opening Project '08 Water Heating\W08R11.ribd25'...
2024-10-03 10:29:18 -    Model load successful into CBECC-Res 2025.0.9 RV (1355)
2024-10-03 10:29:19 - Performing Building Database check...
2024-10-03 10:29:19 - Building Database check completed, no problems found.
2024-10-03 10:45:21 - -----------------------------------------------------------------------------
2024-10-03 10:45:21 - Opening Project '08 Water Heating\W08R11.ribd25'...
2024-10-03 10:45:21 -    Model load successful into CBECC-Res 2025.0.9 RV (1355)
2024-10-03 10:45:21 - Performing Building Database check...
2024-10-03 10:45:21 - Building Database check completed, no problems found.
2024-10-03 10:45:51 - Error:  Undefined data: left side of '-' - evaluating run u, rule: Rule 1232, 15, 'Rules_VCHP3.rule' Line 122: Set HVACHtPump:Cap40rtd
2024-10-03 10:45:51 - Error:  Undefined data: right side of '-' - evaluating run u, rule: Rule 1232, 16, 'Rules_VCHP3.rule' Line 123: Set HVACHtPump:Cap05
2024-10-03 10:45:51 - Error:  Undefined data: left side of '-' - evaluating run u, rule: Rule 1232, 17, 'Rules_VCHP3.rule' Line 124: Set HVACHtPump:Capm30rtd
2024-10-03 10:45:51 - Error:  Undefined data: numerator - evaluating run u, rule: Rule 1232, 18, 'Rules_VCHP3.rule' Line 126: Set HVACHtPump:Cap82rtd
2024-10-03 10:45:51 - Error:  Undefined data: left side of '-' - evaluating run u, rule: Rule 1232, 19, 'Rules_VCHP3.rule' Line 127: Set HVACHtPump:Cap60rtd
2024-10-03 10:45:51 - Error:  Undefined data: left side of '-' - evaluating run u, rule: Rule 1232, 20, 'Rules_VCHP3.rule' Line 128: Set HVACHtPump:Cap125rtd
2024-10-03 10:45:51 - Error:  Undefined data: numerator - evaluating run u, rule: Rule 1232, 21, 'Rules_VCHP3.rule' Line 131: Set HVACHtPump:NetPwr47rtd
2024-10-03 10:45:51 - Error:  Undefined data: numerator - evaluating run u, rule: Rule 1232, 26, 'Rules_VCHP3.rule' Line 137: Set HVACHtPump:NetPwr95rtd
2024-10-03 10:46:47 - Project Saved
