2024-10-02 15:29:01 - -----------------------------------------------------------------------------
2024-10-02 15:29:01 - Opening Project '08 Water Heating\W08R12.ribd25'...
2024-10-02 15:29:01 -    Model load successful into CBECC-Res 2025.0.9 RV (1355)
2024-10-02 15:29:01 - Performing Building Database check...
2024-10-02 15:29:01 - Building Database check completed, no problems found.
2024-10-02 15:29:01 - Removing user setting toggling off self utilization credit
2024-10-02 15:31:03 - Project Saved
2024-10-02 15:31:10 - Project Saved
2024-10-03 10:25:00 - -----------------------------------------------------------------------------
2024-10-03 10:25:00 - Opening Project '08 Water Heating\W08R12.ribd25'...
2024-10-03 10:25:00 -    Model load successful into CBECC-Res 2025.0.9 RV (1355)
2024-10-03 10:25:01 - Performing Building Database check...
2024-10-03 10:25:01 - Building Database check completed, no problems found.
2024-10-03 10:25:16 - Project Saved
2024-10-03 10:25:42 - -----------------------------------------------------------------------------
2024-10-03 10:25:42 - Opening Project '08 Water Heating\W08R12.ribd25'...
2024-10-03 10:25:42 -    Model load successful into CBECC-Res 2025.0.9 RV (1355)
2024-10-03 10:25:42 - Performing Building Database check...
2024-10-03 10:25:42 - Building Database check completed, no problems found.
2024-10-03 10:25:47 - Error:  Undefined data: left side of '-' - evaluating run u, rule: Rule 1234, 58, 'Rules_VCHP3.rule' Line 253: Set HVACHtPump:Cap82rtd
2024-10-03 10:25:47 - Error:  Undefined data: left side of '-' - evaluating run u, rule: Rule 1234, 60, 'Rules_VCHP3.rule' Line 255: Set HVACHtPump:Cap125rtd
2024-10-03 10:25:47 - Error:  Undefined data: left side of '-' - evaluating run u, rule: Rule 1234, 63, 'Rules_VCHP3.rule' Line 258: Set HVACHtPump:Cap60rtd
2024-10-03 10:25:47 - Error:  Undefined data: numerator - evaluating run u, rule: Rule 1234, 82, 'Rules_VCHP3.rule' Line 285: Set HVACHtPump:NetPwr95rtd
2024-10-03 10:25:47 - Error:  Undefined data: numerator - evaluating run u, rule: Rule 1234, 94, 'Rules_VCHP3.rule' Line 297: Set HVACHtPump:NetPwr47rtd
2024-10-03 10:25:55 - Project Saved
2024-10-03 10:26:12 - -----------------------------------------------------------------------------
2024-10-03 10:26:12 - Opening Project '08 Water Heating\W08R12.ribd25'...
2024-10-03 10:26:12 -    Model load successful into CBECC-Res 2025.0.9 RV (1355)
2024-10-03 10:26:12 - Performing Building Database check...
2024-10-03 10:26:12 - Building Database check completed, no problems found.
2024-10-03 10:26:12 - Error:  Undefined data: left side of '-' - evaluating run u, rule: Rule 1234, 58, 'Rules_VCHP3.rule' Line 253: Set HVACHtPump:Cap82rtd
2024-10-03 10:26:12 - Error:  Undefined data: left side of '-' - evaluating run u, rule: Rule 1234, 60, 'Rules_VCHP3.rule' Line 255: Set HVACHtPump:Cap125rtd
2024-10-03 10:26:12 - Error:  Undefined data: left side of '-' - evaluating run u, rule: Rule 1234, 63, 'Rules_VCHP3.rule' Line 258: Set HVACHtPump:Cap60rtd
2024-10-03 10:26:12 - Error:  Undefined data: numerator - evaluating run u, rule: Rule 1234, 82, 'Rules_VCHP3.rule' Line 285: Set HVACHtPump:NetPwr95rtd
2024-10-03 10:26:12 - Error:  Undefined data: numerator - evaluating run u, rule: Rule 1234, 83, 'Rules_VCHP3.rule' Line 286: Set HVACHtPump:NetPwr95max
2024-10-03 10:26:12 - Error:  Undefined data: numerator - evaluating run u, rule: Rule 1234, 84, 'Rules_VCHP3.rule' Line 287: Set HVACHtPump:NetPwr82max
2024-10-03 10:26:12 - Error:  Undefined data: left side of '-' - evaluating run u, rule: Rule 1234, 87, 'Rules_VCHP3.rule' Line 290: Set HVACHtPump:NetPwr82rtd
2024-10-03 10:26:12 - Error:  Undefined data: left side of '-' - evaluating run u, rule: Rule 1234, 88, 'Rules_VCHP3.rule' Line 291: Set HVACHtPump:NetPwr125max
2024-10-03 10:26:12 - Error:  Undefined data: left side of '-' - evaluating run u, rule: Rule 1234, 89, 'Rules_VCHP3.rule' Line 292: Set HVACHtPump:NetPwr125rtd
2024-10-03 10:26:12 - Error:  Undefined data: left side of '-' - evaluating run u, rule: Rule 1234, 91, 'Rules_VCHP3.rule' Line 294: Set HVACHtPump:NetPwr60max
2024-10-03 10:26:12 - Error:  Undefined data: left side of '-' - evaluating run u, rule: Rule 1234, 92, 'Rules_VCHP3.rule' Line 295: Set HVACHtPump:NetPwr60rtd
2024-10-03 10:26:12 - Error:  Undefined data: numerator - evaluating run u, rule: Rule 1234, 94, 'Rules_VCHP3.rule' Line 297: Set HVACHtPump:NetPwr47rtd
2024-10-03 10:26:12 - Error:  Undefined data: numerator - evaluating run u, rule: Rule 1234, 95, 'Rules_VCHP3.rule' Line 298: Set HVACHtPump:NetPwr47max
2024-10-03 10:26:12 - Error:  Undefined data: left side of '*' - evaluating run u, rule: Rule 1234, 96, 'Rules_VCHP3.rule' Line 299: Set HVACHtPump:NetPwr47min
2024-10-03 10:26:12 - Error:  Undefined data: left side of '*' - evaluating run u, rule: Rule 1234, 97, 'Rules_VCHP3.rule' Line 301: Set HVACHtPump:NetPwr17rtd
2024-10-03 10:26:12 - Error:  Undefined data: numerator - evaluating run u, rule: Rule 1234, 98, 'Rules_VCHP3.rule' Line 302: Set HVACHtPump:NetPwr17max
2024-10-03 10:26:12 - Error:  Undefined data: left side of '*' - evaluating run u, rule: Rule 1234, 99, 'Rules_VCHP3.rule' Line 303: Set HVACHtPump:NetPwr17min
2024-10-03 10:26:12 - Error:  Undefined data: left side of '*' - evaluating run u, rule: Rule 1234, 100, 'Rules_VCHP3.rule' Line 304: Set HVACHtPump:NetPwr05max
2024-10-03 10:26:12 - Error:  Undefined data: left side of '*' - evaluating run u, rule: Rule 1234, 101, 'Rules_VCHP3.rule' Line 305: Set HVACHtPump:NetPwr05rtd
2024-10-03 10:26:12 - Error:  Undefined data: left side of '*' - evaluating run u, rule: Rule 1234, 102, 'Rules_VCHP3.rule' Line 306: Set HVACHtPump:NetPwr05min
2024-10-03 10:26:12 - Error:  Undefined data: left side of '*' - evaluating run u, rule: Rule 1234, 103, 'Rules_VCHP3.rule' Line 307: Set HVACHtPump:NetPwrm30max
2024-10-03 10:26:12 - Error:  Undefined data: left side of '*' - evaluating run u, rule: Rule 1234, 104, 'Rules_VCHP3.rule' Line 308: Set HVACHtPump:NetPwrm30min
2024-10-03 10:26:12 - Error:  Undefined data: left side of '-' - evaluating run u, rule: Rule 1234, 105, 'Rules_VCHP3.rule' Line 309: Set HVACHtPump:NetPwrm30rtd
2024-10-03 10:26:12 - Error:  Undefined data: left side of '-' - evaluating run u, rule: Rule 1234, 58, 'Rules_VCHP3.rule' Line 253: Set HVACHtPump:Cap82rtd
2024-10-03 10:26:12 - Error:  Undefined data: left side of '-' - evaluating run u, rule: Rule 1234, 60, 'Rules_VCHP3.rule' Line 255: Set HVACHtPump:Cap125rtd
2024-10-03 10:26:12 - Error:  Undefined data: left side of '-' - evaluating run u, rule: Rule 1234, 63, 'Rules_VCHP3.rule' Line 258: Set HVACHtPump:Cap60rtd
2024-10-03 10:26:12 - Error:  Undefined data: numerator - evaluating run u, rule: Rule 1234, 82, 'Rules_VCHP3.rule' Line 285: Set HVACHtPump:NetPwr95rtd
2024-10-03 10:26:12 - Error:  Undefined data: numerator - evaluating run u, rule: Rule 1234, 83, 'Rules_VCHP3.rule' Line 286: Set HVACHtPump:NetPwr95max
2024-10-03 10:26:12 - Error:  Undefined data: numerator - evaluating run u, rule: Rule 1234, 84, 'Rules_VCHP3.rule' Line 287: Set HVACHtPump:NetPwr82max
2024-10-03 10:26:12 - Error:  Undefined data: left side of '-' - evaluating run u, rule: Rule 1234, 87, 'Rules_VCHP3.rule' Line 290: Set HVACHtPump:NetPwr82rtd
2024-10-03 10:26:12 - Error:  Undefined data: left side of '-' - evaluating run u, rule: Rule 1234, 88, 'Rules_VCHP3.rule' Line 291: Set HVACHtPump:NetPwr125max
2024-10-03 10:26:12 - Error:  Undefined data: left side of '-' - evaluating run u, rule: Rule 1234, 89, 'Rules_VCHP3.rule' Line 292: Set HVACHtPump:NetPwr125rtd
2024-10-03 10:26:12 - Error:  Undefined data: left side of '-' - evaluating run u, rule: Rule 1234, 91, 'Rules_VCHP3.rule' Line 294: Set HVACHtPump:NetPwr60max
2024-10-03 10:26:12 - Error:  Undefined data: left side of '-' - evaluating run u, rule: Rule 1234, 92, 'Rules_VCHP3.rule' Line 295: Set HVACHtPump:NetPwr60rtd
2024-10-03 10:26:12 - Error:  Undefined data: numerator - evaluating run u, rule: Rule 1234, 94, 'Rules_VCHP3.rule' Line 297: Set HVACHtPump:NetPwr47rtd
2024-10-03 10:26:12 - Error:  Undefined data: numerator - evaluating run u, rule: Rule 1234, 95, 'Rules_VCHP3.rule' Line 298: Set HVACHtPump:NetPwr47max
2024-10-03 10:26:12 - Error:  Undefined data: left side of '*' - evaluating run u, rule: Rule 1234, 96, 'Rules_VCHP3.rule' Line 299: Set HVACHtPump:NetPwr47min
2024-10-03 10:26:12 - Error:  Undefined data: left side of '*' - evaluating run u, rule: Rule 1234, 97, 'Rules_VCHP3.rule' Line 301: Set HVACHtPump:NetPwr17rtd
2024-10-03 10:26:12 - Error:  Undefined data: numerator - evaluating run u, rule: Rule 1234, 98, 'Rules_VCHP3.rule' Line 302: Set HVACHtPump:NetPwr17max
2024-10-03 10:26:12 - Error:  Undefined data: left side of '*' - evaluating run u, rule: Rule 1234, 99, 'Rules_VCHP3.rule' Line 303: Set HVACHtPump:NetPwr17min
2024-10-03 10:26:12 - Error:  Undefined data: left side of '*' - evaluating run u, rule: Rule 1234, 100, 'Rules_VCHP3.rule' Line 304: Set HVACHtPump:NetPwr05max
2024-10-03 10:26:12 - Error:  Undefined data: left side of '*' - evaluating run u, rule: Rule 1234, 101, 'Rules_VCHP3.rule' Line 305: Set HVACHtPump:NetPwr05rtd
2024-10-03 10:26:12 - Error:  Undefined data: left side of '*' - evaluating run u, rule: Rule 1234, 102, 'Rules_VCHP3.rule' Line 306: Set HVACHtPump:NetPwr05min
2024-10-03 10:26:12 - Error:  Undefined data: left side of '*' - evaluating run u, rule: Rule 1234, 103, 'Rules_VCHP3.rule' Line 307: Set HVACHtPump:NetPwrm30max
2024-10-03 10:26:12 - Error:  Undefined data: left side of '*' - evaluating run u, rule: Rule 1234, 104, 'Rules_VCHP3.rule' Line 308: Set HVACHtPump:NetPwrm30min
2024-10-03 10:26:12 - Error:  Undefined data: left side of '-' - evaluating run u, rule: Rule 1234, 105, 'Rules_VCHP3.rule' Line 309: Set HVACHtPump:NetPwrm30rtd
2024-10-03 10:26:12 - Error:  Undefined data: left side of '-' - evaluating run u, rule: Rule 1234, 58, 'Rules_VCHP3.rule' Line 253: Set HVACHtPump:Cap82rtd
2024-10-03 10:26:12 - Error:  Undefined data: left side of '-' - evaluating run u, rule: Rule 1234, 60, 'Rules_VCHP3.rule' Line 255: Set HVACHtPump:Cap125rtd
2024-10-03 10:26:12 - Error:  Undefined data: left side of '-' - evaluating run u, rule: Rule 1234, 63, 'Rules_VCHP3.rule' Line 258: Set HVACHtPump:Cap60rtd
2024-10-03 10:26:12 - Error:  Undefined data: numerator - evaluating run u, rule: Rule 1234, 82, 'Rules_VCHP3.rule' Line 285: Set HVACHtPump:NetPwr95rtd
2024-10-03 10:26:12 - Error:  Undefined data: numerator - evaluating run u, rule: Rule 1234, 83, 'Rules_VCHP3.rule' Line 286: Set HVACHtPump:NetPwr95max
2024-10-03 10:26:12 - Error:  Undefined data: numerator - evaluating run u, rule: Rule 1234, 84, 'Rules_VCHP3.rule' Line 287: Set HVACHtPump:NetPwr82max
2024-10-03 10:26:12 - Error:  Undefined data: left side of '-' - evaluating run u, rule: Rule 1234, 87, 'Rules_VCHP3.rule' Line 290: Set HVACHtPump:NetPwr82rtd
2024-10-03 10:26:12 - Error:  Undefined data: left side of '-' - evaluating run u, rule: Rule 1234, 88, 'Rules_VCHP3.rule' Line 291: Set HVACHtPump:NetPwr125max
2024-10-03 10:26:12 - Error:  Undefined data: left side of '-' - evaluating run u, rule: Rule 1234, 89, 'Rules_VCHP3.rule' Line 292: Set HVACHtPump:NetPwr125rtd
2024-10-03 10:26:12 - Error:  Undefined data: left side of '-' - evaluating run u, rule: Rule 1234, 91, 'Rules_VCHP3.rule' Line 294: Set HVACHtPump:NetPwr60max
2024-10-03 10:26:12 - Error:  Undefined data: left side of '-' - evaluating run u, rule: Rule 1234, 92, 'Rules_VCHP3.rule' Line 295: Set HVACHtPump:NetPwr60rtd
2024-10-03 10:26:12 - Error:  Undefined data: numerator - evaluating run u, rule: Rule 1234, 94, 'Rules_VCHP3.rule' Line 297: Set HVACHtPump:NetPwr47rtd
2024-10-03 10:26:12 - Error:  Undefined data: numerator - evaluating run u, rule: Rule 1234, 95, 'Rules_VCHP3.rule' Line 298: Set HVACHtPump:NetPwr47max
2024-10-03 10:26:12 - Error:  Undefined data: left side of '*' - evaluating run u, rule: Rule 1234, 96, 'Rules_VCHP3.rule' Line 299: Set HVACHtPump:NetPwr47min
2024-10-03 10:26:12 - Error:  Undefined data: left side of '*' - evaluating run u, rule: Rule 1234, 97, 'Rules_VCHP3.rule' Line 301: Set HVACHtPump:NetPwr17rtd
2024-10-03 10:26:12 - Error:  Undefined data: numerator - evaluating run u, rule: Rule 1234, 98, 'Rules_VCHP3.rule' Line 302: Set HVACHtPump:NetPwr17max
2024-10-03 10:26:12 - Error:  Undefined data: left side of '*' - evaluating run u, rule: Rule 1234, 99, 'Rules_VCHP3.rule' Line 303: Set HVACHtPump:NetPwr17min
2024-10-03 10:26:12 - Error:  Undefined data: left side of '*' - evaluating run u, rule: Rule 1234, 100, 'Rules_VCHP3.rule' Line 304: Set HVACHtPump:NetPwr05max
2024-10-03 10:26:12 - Error:  Undefined data: left side of '*' - evaluating run u, rule: Rule 1234, 101, 'Rules_VCHP3.rule' Line 305: Set HVACHtPump:NetPwr05rtd
2024-10-03 10:26:12 - Error:  Undefined data: left side of '*' - evaluating run u, rule: Rule 1234, 102, 'Rules_VCHP3.rule' Line 306: Set HVACHtPump:NetPwr05min
2024-10-03 10:26:12 - Error:  Undefined data: left side of '*' - evaluating run u, rule: Rule 1234, 103, 'Rules_VCHP3.rule' Line 307: Set HVACHtPump:NetPwrm30max
2024-10-03 10:26:12 - Error:  Undefined data: left side of '*' - evaluating run u, rule: Rule 1234, 104, 'Rules_VCHP3.rule' Line 308: Set HVACHtPump:NetPwrm30min
2024-10-03 10:26:12 - Error:  Undefined data: left side of '-' - evaluating run u, rule: Rule 1234, 105, 'Rules_VCHP3.rule' Line 309: Set HVACHtPump:NetPwrm30rtd
2024-10-03 10:26:28 - Project Saved
2024-10-03 10:28:54 - -----------------------------------------------------------------------------
2024-10-03 10:28:54 - Opening Project '08 Water Heating\W08R12.ribd25'...
2024-10-03 10:28:54 -    Model load successful into CBECC-Res 2025.0.9 RV (1355)
2024-10-03 10:28:54 - Performing Building Database check...
2024-10-03 10:28:54 - Building Database check completed, no problems found.
